<?xml version="1.0" encoding="UTF-8"?>
<!-- Generated by org.testng.reporters.JUnitReportReporter -->
<testsuite hostname="sony-VAIO" failures="0" tests="3" name="testing_package.Tenth" time="0.021" errors="0" timestamp="2024-10-20T18:03:05 CDT" skipped="1">
  <testcase classname="testing_package.Tenth" name="c1" time="0.018"/>
  <system-out/>
  <testcase classname="testing_package.Tenth" name="b1" time="0.003"/>
  <system-out/>
  <testcase classname="testing_package.Tenth" name="a1">
    <skipped/>
  </testcase> <!-- a1 -->
  <system-out/>
</testsuite> <!-- testing_package.Tenth -->
