<?xml version="1.0" encoding="UTF-8"?>
<!-- Generated by org.testng.reporters.JUnitReportReporter -->
<testsuite hostname="sony-VAIO" failures="0" tests="1" name="testing_package.Secound" time="12.955" errors="0" timestamp="2024-10-18T21:25:16 CDT" skipped="0">
  <testcase classname="testing_package.Secound" name="addition" time="12.955"/>
  <system-out/>
</testsuite> <!-- testing_package.Secound -->
