<?xml version="1.0" encoding="UTF-8"?>
<!-- Generated by org.testng.reporters.JUnitReportReporter -->
<testsuite hostname="sony-VAIO" failures="0" tests="1" name="screenshort.TestCase2" time="34.451" errors="0" timestamp="2024-10-25T23:55:01 CDT" skipped="0">
  <testcase classname="screenshort.TestCase2" name="s1" time="34.451"/>
  <system-out/>
</testsuite> <!-- screenshort.TestCase2 -->
