<?xml version="1.0" encoding="UTF-8"?>
<!-- Generated by org.testng.reporters.JUnitReportReporter -->
<testsuite hostname="sony-VAIO" failures="0" tests="7" name="data_provider.TestCase3" time="0.043" errors="0" timestamp="2024-04-14T12:28:23 IST" skipped="0">
  <testcase classname="data_provider.TestCase3" name="scenerio1" time="0.003"/>
  <system-out/>
  <testcase classname="data_provider.TestCase3" name="scenerio1" time="0.002"/>
  <system-out/>
  <testcase classname="data_provider.TestCase3" name="scenerio1" time="0.004"/>
  <system-out/>
  <testcase classname="data_provider.TestCase3" name="scenerio1" time="0.005"/>
  <system-out/>
  <testcase classname="data_provider.TestCase3" name="scenerio1" time="0.010"/>
  <system-out/>
  <testcase classname="data_provider.TestCase3" name="scenerio1" time="0.011"/>
  <system-out/>
  <testcase classname="data_provider.TestCase3" name="scenerio1" time="0.008"/>
  <system-out/>
</testsuite> <!-- data_provider.TestCase3 -->
