<?xml version="1.0" encoding="UTF-8"?>
<!-- Generated by org.testng.reporters.JUnitReportReporter -->
<testsuite hostname="sony-VAIO" failures="0" tests="1" name="Listeners.Testcase7" time="31.943" errors="0" timestamp="2024-11-05T18:02:40 CST" skipped="0">
  <testcase classname="Listeners.Testcase7" name="Scenerio7" time="31.943"/>
  <system-out>
    <![CDATA[Test case got started
Test case got pass]]>
  </system-out>
</testsuite> <!-- Listeners.Testcase7 -->
