<?xml version="1.0" encoding="UTF-8"?>
<!-- Generated by org.testng.reporters.JUnitReportReporter -->
<testsuite hostname="sony-VAIO" failures="0" tests="3" name="data_provider.TestCase1" time="0.017" errors="0" timestamp="2024-10-27T18:42:17 CDT" skipped="0">
  <testcase classname="data_provider.TestCase1" name="scenerio1" time="0.003"/>
  <system-out/>
  <testcase classname="data_provider.TestCase1" name="scenerio1" time="0.003"/>
  <system-out/>
  <testcase classname="data_provider.TestCase1" name="scenerio1" time="0.011"/>
  <system-out/>
</testsuite> <!-- data_provider.TestCase1 -->
