<?xml version="1.0" encoding="UTF-8"?>
<!-- Generated by org.testng.reporters.JUnitReportReporter -->
<testsuite hostname="sony-VAIO" failures="0" tests="1" name="Listeners.Testcase6" time="47.662" errors="0" timestamp="2024-11-05T18:02:40 CST" skipped="0">
  <testcase classname="Listeners.Testcase6" name="Scenerio6" time="47.662"/>
  <system-out>
    <![CDATA[Test case got started
Test case got pass]]>
  </system-out>
</testsuite> <!-- Listeners.Testcase6 -->
