<?xml version="1.0" encoding="UTF-8"?>
<!-- Generated by org.testng.reporters.JUnitReportReporter -->
<testsuite hostname="sony-VAIO" failures="0" tests="1" name="screenshort.TestCase1" time="13.965" errors="0" timestamp="2024-11-05T08:06:29 CST" skipped="0">
  <testcase classname="screenshort.TestCase1" name="s1" time="13.965"/>
  <system-out>
    <![CDATA[Test Case]]>
  </system-out>
</testsuite> <!-- screenshort.TestCase1 -->
