<?xml version="1.0" encoding="UTF-8"?>
<!-- Generated by org.testng.reporters.JUnitReportReporter -->
<testsuite hostname="sony-VAIO" failures="0" tests="3" name="crossandparllelbrowsertesting.ParameterAnnotation_3" time="174.496" errors="0" timestamp="2024-10-30T18:33:42 CDT" skipped="0">
  <testcase classname="crossandparllelbrowsertesting.ParameterAnnotation_3" name="browserlaunch" time="117.919"/>
  <system-out/>
  <testcase classname="crossandparllelbrowsertesting.ParameterAnnotation_3" name="browserlaunch" time="18.987"/>
  <system-out/>
  <testcase classname="crossandparllelbrowsertesting.ParameterAnnotation_3" name="browserlaunch" time="37.590"/>
  <system-out/>
</testsuite> <!-- crossandparllelbrowsertesting.ParameterAnnotation_3 -->
