<?xml version="1.0" encoding="UTF-8"?>
<!-- Generated by org.testng.reporters.JUnitReportReporter -->
<testsuite hostname="sony-VAIO" failures="0" tests="1" name="testing_package.First" time="0.017" errors="0" timestamp="2024-10-18T21:23:44 CDT" skipped="0">
  <testcase classname="testing_package.First" name="addition" time="0.017"/>
  <system-out/>
</testsuite> <!-- testing_package.First -->
