<?xml version="1.0" encoding="UTF-8"?>
<!-- Generated by org.testng.reporters.JUnitReportReporter -->
<testsuite hostname="sony-VAIO" failures="0" tests="1" name="Listeners.Testcase4" time="22.461" errors="0" timestamp="2024-11-05T18:02:40 CST" skipped="0">
  <testcase classname="Listeners.Testcase4" name="Scenerio4" time="22.461"/>
  <system-out>
    <![CDATA[Test case got started
Test case got pass]]>
  </system-out>
</testsuite> <!-- Listeners.Testcase4 -->
