<?xml version="1.0" encoding="UTF-8"?>
<!-- Generated by org.testng.reporters.JUnitReportReporter -->
<testsuite hostname="sony-VAIO" failures="0" tests="2" name="testing_package.Eight" time="0.036" errors="0" timestamp="2024-10-20T17:59:07 CDT" skipped="0">
  <testcase classname="testing_package.Eight" name="substraction" time="0.015"/>
  <system-out/>
  <testcase classname="testing_package.Eight" name="copy" time="0.021"/>
  <system-out/>
</testsuite> <!-- testing_package.Eight -->
