<?xml version="1.0" encoding="UTF-8"?>
<!-- Generated by org.testng.reporters.JUnitReportReporter -->
<testsuite hostname="sony-VAIO" failures="0" tests="2" name="testing_package.Five" time="0.029" errors="0" timestamp="2024-10-19T15:05:25 CDT" skipped="0">
  <testcase classname="testing_package.Five" name="or" time="0.016"/>
  <system-out/>
  <testcase classname="testing_package.Five" name="not" time="0.013"/>
  <system-out/>
</testsuite> <!-- testing_package.Five -->
