<?xml version="1.0" encoding="UTF-8"?>
<!-- Generated by org.testng.reporters.JUnitReportReporter -->
<testsuite hostname="sony-VAIO" failures="0" tests="11" name="testing_package.Thirteenth" time="0.050" errors="0" timestamp="2024-10-23T19:06:55 CDT" skipped="0">
  <testcase classname="testing_package.Thirteenth" name="bad" time="0.003"/>
  <system-out/>
  <testcase classname="testing_package.Thirteenth" name="bad" time="0.003"/>
  <system-out/>
  <testcase classname="testing_package.Thirteenth" name="bad" time="0.013"/>
  <system-out/>
  <testcase classname="testing_package.Thirteenth" name="bad" time="0.004"/>
  <system-out/>
  <testcase classname="testing_package.Thirteenth" name="bad" time="0.003"/>
  <system-out/>
  <testcase classname="testing_package.Thirteenth" name="bad" time="0.003"/>
  <system-out/>
  <testcase classname="testing_package.Thirteenth" name="bad" time="0.004"/>
  <system-out/>
  <testcase classname="testing_package.Thirteenth" name="bad" time="0.010"/>
  <system-out/>
  <testcase classname="testing_package.Thirteenth" name="bad" time="0.002"/>
  <system-out/>
  <testcase classname="testing_package.Thirteenth" name="bad" time="0.003"/>
  <system-out/>
  <testcase classname="testing_package.Thirteenth" name="and" time="0.002"/>
  <system-out/>
</testsuite> <!-- testing_package.Thirteenth -->
