<?xml version="1.0" encoding="UTF-8"?>
<!-- Generated by org.testng.reporters.JUnitReportReporter -->
<testsuite hostname="sony-VAIO" failures="0" tests="11" name="testing_package.Twelth" time="0.050" errors="0" timestamp="2024-10-23T19:00:33 CDT" skipped="0">
  <testcase classname="testing_package.Twelth" name="bt" time="0.005"/>
  <system-out/>
  <testcase classname="testing_package.Twelth" name="bt" time="0.002"/>
  <system-out/>
  <testcase classname="testing_package.Twelth" name="bt" time="0.003"/>
  <system-out/>
  <testcase classname="testing_package.Twelth" name="bt" time="0.003"/>
  <system-out/>
  <testcase classname="testing_package.Twelth" name="bt" time="0.007"/>
  <system-out/>
  <testcase classname="testing_package.Twelth" name="bt" time="0.002"/>
  <system-out/>
  <testcase classname="testing_package.Twelth" name="at" time="0.014"/>
  <system-out/>
  <testcase classname="testing_package.Twelth" name="bt" time="0.005"/>
  <system-out/>
  <testcase classname="testing_package.Twelth" name="bt" time="0.003"/>
  <system-out/>
  <testcase classname="testing_package.Twelth" name="bt" time="0.003"/>
  <system-out/>
  <testcase classname="testing_package.Twelth" name="bt" time="0.003"/>
  <system-out/>
</testsuite> <!-- testing_package.Twelth -->
