<?xml version="1.0" encoding="UTF-8"?>
<!-- Generated by org.testng.reporters.JUnitReportReporter -->
<testsuite hostname="sony-VAIO" failures="0" tests="2" name="Listeners.ListernerDependsOn" time="11.206" errors="0" timestamp="2024-11-05T22:32:01 CST" skipped="0">
  <testcase classname="Listeners.ListernerDependsOn" name="logout" time="0.003"/>
  <system-out/>
  <testcase classname="Listeners.ListernerDependsOn" name="login" time="11.203"/>
  <system-out/>
</testsuite> <!-- Listeners.ListernerDependsOn -->
