<?xml version="1.0" encoding="UTF-8"?>
<!-- Generated by org.testng.reporters.JUnitReportReporter -->
<testsuite hostname="sony-VAIO" failures="0" tests="2" name="testing_package.Six" time="0.029" errors="0" timestamp="2024-10-19T15:10:53 CDT" skipped="0">
  <testcase classname="testing_package.Six" name="method1" time="0.017"/>
  <system-out/>
  <testcase classname="testing_package.Six" name="zt" time="0.012"/>
  <system-out/>
</testsuite> <!-- testing_package.Six -->
