<?xml version="1.0" encoding="UTF-8"?>
<!-- Generated by org.testng.reporters.JUnitReportReporter -->
<testsuite hostname="sony-VAIO" failures="0" tests="3" name="crossandparllelbrowsertesting.ParameterAnnotation_4" time="152.592" errors="0" timestamp="2024-10-30T18:33:41 CDT" skipped="0">
  <testcase classname="crossandparllelbrowsertesting.ParameterAnnotation_4" name="browserlaunch" time="63.312"/>
  <system-out/>
  <testcase classname="crossandparllelbrowsertesting.ParameterAnnotation_4" name="browserlaunch" time="56.031"/>
  <system-out/>
  <testcase classname="crossandparllelbrowsertesting.ParameterAnnotation_4" name="browserlaunch" time="33.249"/>
  <system-out/>
</testsuite> <!-- crossandparllelbrowsertesting.ParameterAnnotation_4 -->
