<?xml version="1.0" encoding="UTF-8"?>
<!-- Generated by org.testng.reporters.JUnitReportReporter -->
<testsuite hostname="sony-VAIO" failures="0" tests="1" name="ddt.ScreenshotProgram" time="11.113" errors="0" timestamp="2024-10-25T20:16:53 CDT" skipped="0">
  <testcase classname="ddt.ScreenshotProgram" name="testcase1" time="11.113"/>
  <system-out/>
</testsuite> <!-- ddt.ScreenshotProgram -->
