<?xml version="1.0" encoding="UTF-8"?>
<!-- Generated by org.testng.reporters.JUnitReportReporter -->
<testsuite hostname="sony-VAIO" failures="0" tests="1" name="testing_package.SecoundProgram" time="0.001" errors="0" timestamp="2024-03-03T16:00:27 IST" skipped="0">
  <testcase classname="testing_package.SecoundProgram" name="Third" time="0.001"/>
  <system-out/>
</testsuite> <!-- testing_package.SecoundProgram -->
