<?xml version="1.0" encoding="UTF-8"?>
<!-- Generated by org.testng.reporters.JUnitReportReporter -->
<testsuite hostname="sony-VAIO" failures="0" tests="3" name="testing_package.Seven" time="0.024" errors="0" timestamp="2024-10-20T18:01:47 CDT" skipped="0">
  <testcase classname="testing_package.Seven" name="copy" time="0.007"/>
  <system-out/>
  <testcase classname="testing_package.Seven" name="addition" time="0.009"/>
  <system-out/>
  <testcase classname="testing_package.Seven" name="substraction" time="0.008"/>
  <system-out/>
</testsuite> <!-- testing_package.Seven -->
