<?xml version="1.0" encoding="UTF-8"?>
<!-- Generated by org.testng.reporters.JUnitReportReporter -->
<testsuite hostname="sony-VAIO" failures="0" tests="1" name="testing_package.Third" time="0.021" errors="0" timestamp="2024-10-18T21:39:41 CDT" skipped="0">
  <testcase classname="testing_package.Third" name="method1" time="0.021"/>
  <system-out/>
</testsuite> <!-- testing_package.Third -->
