<?xml version="1.0" encoding="UTF-8"?>
<!-- Generated by org.testng.reporters.JUnitReportReporter -->
<testsuite hostname="sony-VAIO" failures="0" tests="2" name="data_provider.TestCase6" time="20.356" errors="0" timestamp="2024-10-27T20:11:37 CDT" skipped="0">
  <testcase classname="data_provider.TestCase6" name="scenerio1234" time="9.328"/>
  <system-out/>
  <testcase classname="data_provider.TestCase6" name="scenerio1234" time="11.028"/>
  <system-out/>
</testsuite> <!-- data_provider.TestCase6 -->
