<?xml version="1.0" encoding="UTF-8"?>
<!-- Generated by org.testng.reporters.JUnitReportReporter -->
<testsuite hostname="sony-VAIO" failures="0" tests="1" name="screenshort.TestCase3" time="13.209" errors="0" timestamp="2024-10-25T23:55:01 CDT" skipped="0">
  <testcase classname="screenshort.TestCase3" name="s1" time="13.209"/>
  <system-out/>
</testsuite> <!-- screenshort.TestCase3 -->
