<?xml version="1.0" encoding="UTF-8"?>
<!-- Generated by org.testng.reporters.JUnitReportReporter -->
<testsuite hostname="sony-VAIO" failures="0" tests="2" name="testing_package.Four" time="0.019" errors="0" timestamp="2024-10-19T15:01:38 CDT" skipped="0">
  <testcase classname="testing_package.Four" name="subtration" time="0.002"/>
  <system-out/>
  <testcase classname="testing_package.Four" name="add" time="0.017"/>
  <system-out/>
</testsuite> <!-- testing_package.Four -->
