<?xml version="1.0" encoding="UTF-8"?>
<!-- Generated by org.testng.reporters.JUnitReportReporter -->
<testsuite hostname="sony-VAIO" failures="0" tests="2" name="grouping_practice.Group_Practice" time="0.016" errors="0" timestamp="2024-10-26T19:50:26 CDT" skipped="0">
  <testcase classname="grouping_practice.Group_Practice" name="testcase5" time="0.004"/>
  <system-out/>
  <testcase classname="grouping_practice.Group_Practice" name="testcase4" time="0.012"/>
  <system-out/>
</testsuite> <!-- grouping_practice.Group_Practice -->
